[ 2025-08-03 15:37:08,925 ] 1025 httpx - INFO - HTTP Request: GET https://dagshub.com/api/v1/user "HTTP/1.1 200 OK"
[ 2025-08-03 15:37:08,932 ] 107 dagshub - INFO - Accessing as ArpitMishra2
[ 2025-08-03 15:37:09,329 ] 1025 httpx - INFO - HTTP Request: GET https://dagshub.com/api/v1/repos/ArpitMishra2/networksecurity "HTTP/1.1 200 OK"
[ 2025-08-03 15:37:09,700 ] 1025 httpx - INFO - HTTP Request: GET https://dagshub.com/api/v1/user "HTTP/1.1 200 OK"
[ 2025-08-03 15:37:09,702 ] 107 dagshub - INFO - Initialized MLflow to track repo "ArpitMishra2/networksecurity"
[ 2025-08-03 15:37:09,703 ] 107 dagshub - INFO - Repository ArpitMishra2/networksecurity initialized!
[ 2025-08-03 15:38:18,537 ] 42 root - INFO - Start data Ingestion
[ 2025-08-03 15:38:23,562 ] 66 root - INFO - Performed train test split on the dataframe
[ 2025-08-03 15:38:23,562 ] 68 root - INFO - Exited split_data_as_train_test method of Data_Ingestion class
[ 2025-08-03 15:38:23,563 ] 76 root - INFO - Exporting train and test file path.
[ 2025-08-03 15:38:23,667 ] 85 root - INFO - Exported train and test file path.
[ 2025-08-03 15:38:23,669 ] 45 root - INFO - Data Ingestion completed and artifact: DataIngestionArtifact(trained_file_path='Artifacts\\08_03_2025_15_37_06\\data_ingestion\\ingested\\train.csv', test_file_path='Artifacts\\08_03_2025_15_37_06\\data_ingestion\\ingested\\test.csv')
[ 2025-08-03 15:38:23,699 ] 55 root - INFO - Initiate the data Validation
[ 2025-08-03 15:38:23,786 ] 32 root - INFO - Required number of columns:2
[ 2025-08-03 15:38:23,786 ] 33 root - INFO - Data frame has columns:31
[ 2025-08-03 15:38:23,786 ] 32 root - INFO - Required number of columns:2
[ 2025-08-03 15:38:23,786 ] 33 root - INFO - Data frame has columns:31
[ 2025-08-03 15:38:24,061 ] 64 root - INFO - Entered initiate_data_transformation method of DataTransformation class
[ 2025-08-03 15:38:24,061 ] 66 root - INFO - Starting data transformation
[ 2025-08-03 15:38:24,110 ] 48 root - INFO - Entered get_data_trnasformer_object method of Trnasformation class
[ 2025-08-03 15:38:24,110 ] 53 root - INFO - Initialise KNNImputer with {'missing_values': nan, 'n_neighbors': 3, 'weights': 'uniform'}
[ 2025-08-03 15:38:24,127 ] 46 root - INFO - Entered the save_object method of MainUtils class
[ 2025-08-03 15:38:24,133 ] 50 root - INFO - Exited the save_object method of MainUtils class
[ 2025-08-03 15:38:24,134 ] 46 root - INFO - Entered the save_object method of MainUtils class
[ 2025-08-03 15:38:24,140 ] 50 root - INFO - Exited the save_object method of MainUtils class
[ 2025-08-03 15:43:42,976 ] 46 root - INFO - Entered the save_object method of MainUtils class
[ 2025-08-03 15:43:42,977 ] 50 root - INFO - Exited the save_object method of MainUtils class
[ 2025-08-03 15:43:42,977 ] 46 root - INFO - Entered the save_object method of MainUtils class
[ 2025-08-03 15:43:42,997 ] 50 root - INFO - Exited the save_object method of MainUtils class
[ 2025-08-03 15:43:42,997 ] 151 root - INFO - Model trainer artifact: ModelTrainerArtifact(trained_model_file_path='Artifacts\\08_03_2025_15_37_06\\model_trainer\\trained_model\\model.pkl', train_metric_artifact=ClassificationMetricArtifact(f1_score=0.9909377863761327, precision_score=0.9896278218425869, recall_score=0.9922512234910277), test_metric_artifact=ClassificationMetricArtifact(f1_score=0.9761904761904762, precision_score=0.9707971586424625, recall_score=0.9816440542697525))
